c:\users\sunwe\source\repos\partymembermanagement-main\project3\x64\debug\vc143.pdb
c:\users\sunwe\source\repos\partymembermanagement-main\project3\x64\debug\vc143.idb
c:\users\sunwe\source\repos\partymembermanagement-main\project3\x64\debug\显示功能.obj
c:\users\sunwe\source\repos\partymembermanagement-main\project3\x64\debug\类实现-student.obj
c:\users\sunwe\source\repos\partymembermanagement-main\project3\x64\debug\功能-查.obj
c:\users\sunwe\source\repos\partymembermanagement-main\project3\x64\debug\功能-改.obj
c:\users\sunwe\source\repos\partymembermanagement-main\project3\x64\debug\类实现-manager.obj
c:\users\sunwe\source\repos\partymembermanagement-main\project3\x64\debug\文件存取操作.obj
c:\users\sunwe\source\repos\partymembermanagement-main\project3\x64\debug\验证.obj
c:\users\sunwe\source\repos\partymembermanagement-main\project3\x64\debug\菜单.obj
c:\users\sunwe\source\repos\partymembermanagement-main\project3\x64\debug\功能-增.obj
c:\users\sunwe\source\repos\partymembermanagement-main\project3\x64\debug\功能-删.obj
c:\users\sunwe\source\repos\partymembermanagement-main\project3\x64\debug\main.obj
c:\users\sunwe\source\repos\partymembermanagement-main\project3\x64\debug\project3.exe
c:\users\sunwe\source\repos\partymembermanagement-main\project3\x64\debug\project3.ilk
c:\users\sunwe\source\repos\partymembermanagement-main\project3\x64\debug\project3.pdb
c:\users\sunwe\source\repos\partymembermanagement-main\project3\x64\debug\auth.obj
c:\users\sunwe\source\repos\partymembermanagement-main\project3\x64\debug\disp.obj
c:\users\sunwe\source\repos\partymembermanagement-main\project3\x64\debug\filerwopts.obj
c:\users\sunwe\source\repos\partymembermanagement-main\project3\x64\debug\menus.obj
c:\users\sunwe\source\repos\partymembermanagement-main\project3\x64\debug\类实现.obj
c:\users\sunwe\source\repos\partymembermanagement-main\project3\x64\debug\类实现-student.obj.enc
c:\users\sunwe\source\repos\partymembermanagement-main\project3\x64\debug\菜单.obj.enc
c:\users\sunwe\source\repos\partymembermanagement-main\project3\x64\debug\project3.tlog\cl.command.1.tlog
c:\users\sunwe\source\repos\partymembermanagement-main\project3\x64\debug\project3.tlog\cl.read.1.tlog
c:\users\sunwe\source\repos\partymembermanagement-main\project3\x64\debug\project3.tlog\cl.write.1.tlog
c:\users\sunwe\source\repos\partymembermanagement-main\project3\x64\debug\project3.tlog\link.command.1.tlog
c:\users\sunwe\source\repos\partymembermanagement-main\project3\x64\debug\project3.tlog\link.read.1.tlog
c:\users\sunwe\source\repos\partymembermanagement-main\project3\x64\debug\project3.tlog\link.write.1.tlog
